<?xml version="1.0" encoding="UTF-8"?>
<!-- Generated by org.testng.reporters.JUnitXMLReporter -->
<testsuite ignored="0" hostname="DESKTOP-JC5M1H8" failures="1" tests="2" name="Validating Title in the page" time="34.372" errors="0" timestamp="2021-09-15T18:28:35 IST">
  <testcase classname="Academy.validateTitle" name="ValidateAppTitle" time="0.132">
    <failure type="java.lang.AssertionError" message="expected [Featured Courses123] but found [Featured Courses]">
      <![CDATA[java.lang.AssertionError: expected [Featured Courses123] but found [Featured Courses]
at Academy.validateTitle.ValidateAppTitle(validateTitle.java:33)
at java.base/java.util.ArrayList.forEach(ArrayList.java:1541)
at java.base/java.util.concurrent.FutureTask.run(FutureTask.java:264)
at java.base/java.util.concurrent.ThreadPoolExecutor.runWorker(ThreadPoolExecutor.java:1128)
at java.base/java.util.concurrent.ThreadPoolExecutor$Worker.run(ThreadPoolExecutor.java:628)
at java.base/java.lang.Thread.run(Thread.java:834)
... Removed 24 stack frames]]>
    </failure>
  </testcase> <!-- ValidateAppTitle -->
  <testcase classname="Academy.validateTitle" name="ValidateHeader" time="0.08"/>
</testsuite> <!-- Validating Title in the page -->
